{
  "uid" : "465343ba03c43f81",
  "name" : "test_allure_steps",
  "fullName" : "test.allure_step_statuses_test#test_allure_steps",
  "historyId" : "0c96cb264acfa5cdca5368ff1909915e",
  "time" : {
    "start" : 1606479760319,
    "stop" : 1606479760320,
    "duration" : 1
  },
  "status" : "passed",
  "flaky" : false,
  "newFailed" : false,
  "beforeStages" : [ ],
  "testStage" : {
    "status" : "passed",
    "steps" : [ {
      "name" : "Skipped step",
      "time" : {
        "start" : 1606479760319,
        "stop" : 1606479760319,
        "duration" : 0
      },
      "status" : "skipped",
      "statusMessage" : "Skipped: Some skip reason\n",
      "statusTrace" : "  File \"/home/runner/work/allure-python-pytest/allure-python-pytest/test/allure_step_statuses_test.py\", line 47, in test_allure_steps\n    pytest.skip('Some skip reason')\n  File \"/opt/hostedtoolcache/Python/3.9.0/x64/lib/python3.9/site-packages/_pytest/outcomes.py\", line 139, in skip\n    raise Skipped(msg=msg, allow_module_level=allow_module_level)\n",
      "steps" : [ ],
      "attachments" : [ ],
      "parameters" : [ ],
      "stepsCount" : 0,
      "attachmentsCount" : 0,
      "shouldDisplayMessage" : true,
      "hasContent" : true
    }, {
      "name" : "Failed step",
      "time" : {
        "start" : 1606479760319,
        "stop" : 1606479760319,
        "duration" : 0
      },
      "status" : "failed",
      "statusMessage" : "AssertionError: Some failed check\n",
      "statusTrace" : "  File \"/home/runner/work/allure-python-pytest/allure-python-pytest/test/allure_step_statuses_test.py\", line 49, in test_allure_steps\n    raise AssertionError('Some failed check')\n",
      "steps" : [ ],
      "attachments" : [ ],
      "parameters" : [ ],
      "stepsCount" : 0,
      "attachmentsCount" : 0,
      "shouldDisplayMessage" : true,
      "hasContent" : true
    }, {
      "name" : "Broken step",
      "time" : {
        "start" : 1606479760320,
        "stop" : 1606479760320,
        "duration" : 0
      },
      "status" : "broken",
      "statusMessage" : "ValueError: Some broken exception\n",
      "statusTrace" : "  File \"/home/runner/work/allure-python-pytest/allure-python-pytest/test/allure_step_statuses_test.py\", line 51, in test_allure_steps\n    raise ValueError('Some broken exception')\n",
      "steps" : [ ],
      "attachments" : [ ],
      "parameters" : [ ],
      "stepsCount" : 0,
      "attachmentsCount" : 0,
      "shouldDisplayMessage" : true,
      "hasContent" : true
    }, {
      "name" : "skipped_decorated_step",
      "time" : {
        "start" : 1606479760320,
        "stop" : 1606479760320,
        "duration" : 0
      },
      "status" : "skipped",
      "statusMessage" : "Skipped: Some skip reason\n",
      "statusTrace" : "  File \"/opt/hostedtoolcache/Python/3.9.0/x64/lib/python3.9/site-packages/allure_commons/_allure.py\", line 169, in impl\n    return func(*a, **kw)\n  File \"/home/runner/work/allure-python-pytest/allure-python-pytest/test/allure_step_statuses_test.py\", line 57, in skipped_decorated_step\n    pytest.skip('Some skip reason')\n  File \"/opt/hostedtoolcache/Python/3.9.0/x64/lib/python3.9/site-packages/_pytest/outcomes.py\", line 139, in skip\n    raise Skipped(msg=msg, allow_module_level=allow_module_level)\n",
      "steps" : [ ],
      "attachments" : [ ],
      "parameters" : [ ],
      "stepsCount" : 0,
      "attachmentsCount" : 0,
      "shouldDisplayMessage" : true,
      "hasContent" : true
    } ],
    "attachments" : [ ],
    "parameters" : [ ],
    "stepsCount" : 4,
    "attachmentsCount" : 0,
    "shouldDisplayMessage" : false,
    "hasContent" : true
  },
  "afterStages" : [ ],
  "labels" : [ {
    "name" : "parentSuite",
    "value" : "test"
  }, {
    "name" : "suite",
    "value" : "allure_step_statuses_test"
  }, {
    "name" : "host",
    "value" : "fv-az16-763"
  }, {
    "name" : "thread",
    "value" : "3935-MainThread"
  }, {
    "name" : "framework",
    "value" : "pytest"
  }, {
    "name" : "language",
    "value" : "cpython3"
  }, {
    "name" : "package",
    "value" : "test.allure_step_statuses_test"
  }, {
    "name" : "resultFormat",
    "value" : "allure2"
  } ],
  "parameters" : [ ],
  "links" : [ ],
  "hidden" : false,
  "retry" : false,
  "extra" : {
    "severity" : "normal",
    "retries" : [ ],
    "categories" : [ ],
    "tags" : [ ]
  },
  "source" : "465343ba03c43f81.json",
  "parameterValues" : [ ]
}